This is pdfTeX, Version 3.14159265-2.6-1.40.19 (TeX Live 2018) (preloaded format=pdflatex 2018.7.3)  15 AUG 2018 20:09
entering extended mode
 restricted \write18 enabled.
 file:line:error style messages enabled.
 %&-line parsing enabled.
**template.tex
(./template.tex
LaTeX2e <2018-04-01> patch level 2
Babel <3.18> and hyphenation patterns for 22 language(s) loaded.
(/usr/local/texlive/2018basic/texmf-dist/tex/latex/base/article.cls
Document Class: article 2014/09/29 v1.4h Standard LaTeX document class
(/usr/local/texlive/2018basic/texmf-dist/tex/latex/base/size11.clo
File: size11.clo 2014/09/29 v1.4h Standard LaTeX file (size option)
)
\c@part=\count80
\c@section=\count81
\c@subsection=\count82
\c@subsubsection=\count83
\c@paragraph=\count84
\c@subparagraph=\count85
\c@figure=\count86
\c@table=\count87
\abovecaptionskip=\skip41
\belowcaptionskip=\skip42
\bibindent=\dimen102
) (./BigDataStyle.txt) (/usr/local/texlive/2018basic/texmf-dist/tex/latex/amsmath/amsmath.sty
Package: amsmath 2017/09/02 v2.17a AMS math features
\@mathmargin=\skip43

For additional information on amsmath, use the `?' option.
(/usr/local/texlive/2018basic/texmf-dist/tex/latex/amsmath/amstext.sty
Package: amstext 2000/06/29 v2.01 AMS text
 (/usr/local/texlive/2018basic/texmf-dist/tex/latex/amsmath/amsgen.sty
File: amsgen.sty 1999/11/30 v2.0 generic functions
\@emptytoks=\toks14
\ex@=\dimen103
)) (/usr/local/texlive/2018basic/texmf-dist/tex/latex/amsmath/amsbsy.sty
Package: amsbsy 1999/11/29 v1.2d Bold Symbols
\pmbraise@=\dimen104
) (/usr/local/texlive/2018basic/texmf-dist/tex/latex/amsmath/amsopn.sty
Package: amsopn 2016/03/08 v2.02 operator names
)
\inf@bad=\count88
LaTeX Info: Redefining \frac on input line 213.
\uproot@=\count89
\leftroot@=\count90
LaTeX Info: Redefining \overline on input line 375.
\classnum@=\count91
\DOTSCASE@=\count92
LaTeX Info: Redefining \ldots on input line 472.
LaTeX Info: Redefining \dots on input line 475.
LaTeX Info: Redefining \cdots on input line 596.
\Mathstrutbox@=\box26
\strutbox@=\box27
\big@size=\dimen105
LaTeX Font Info:    Redeclaring font encoding OML on input line 712.
LaTeX Font Info:    Redeclaring font encoding OMS on input line 713.
\macc@depth=\count93
\c@MaxMatrixCols=\count94
\dotsspace@=\muskip10
\c@parentequation=\count95
\dspbrk@lvl=\count96
\tag@help=\toks15
\row@=\count97
\column@=\count98
\maxfields@=\count99
\andhelp@=\toks16
\eqnshift@=\dimen106
\alignsep@=\dimen107
\tagshift@=\dimen108
\tagwidth@=\dimen109
\totwidth@=\dimen110
\lineht@=\dimen111
\@envbody=\toks17
\multlinegap=\skip44
\multlinetaggap=\skip45
\mathdisplay@stack=\toks18
LaTeX Info: Redefining \[ on input line 2817.
LaTeX Info: Redefining \] on input line 2818.
) (/usr/local/texlive/2018basic/texmf-dist/tex/latex/amsfonts/amsfonts.sty
Package: amsfonts 2013/01/14 v3.01 Basic AMSFonts support
\symAMSa=\mathgroup4
\symAMSb=\mathgroup5
LaTeX Font Info:    Overwriting math alphabet `\mathfrak' in version `bold'
(Font)                  U/euf/m/n --> U/euf/b/n on input line 106.
) (/usr/local/texlive/2018basic/texmf-dist/tex/latex/amsfonts/amssymb.sty
Package: amssymb 2013/01/14 v3.01 AMS font symbols
) (/usr/local/texlive/2018basic/texmf-dist/tex/latex/amscls/amsthm.sty
Package: amsthm 2017/10/31 v2.20.4
\thm@style=\toks19
\thm@bodyfont=\toks20
\thm@headfont=\toks21
\thm@notefont=\toks22
\thm@headpunct=\toks23
\thm@preskip=\skip46
\thm@postskip=\skip47
\thm@headsep=\skip48
\dth@everypar=\toks24
) (/usr/local/texlive/2018basic/texmf-dist/tex/latex/base/latexsym.sty
Package: latexsym 1998/08/17 v2.2e Standard LaTeX package (lasy symbols)
\symlasy=\mathgroup6
LaTeX Font Info:    Overwriting symbol font `lasy' in version `bold'
(Font)                  U/lasy/m/n --> U/lasy/b/n on input line 52.
) (/usr/local/texlive/2018basic/texmf-dist/tex/latex/graphics/graphicx.sty
Package: graphicx 2017/06/01 v1.1a Enhanced LaTeX Graphics (DPC,SPQR)
 (/usr/local/texlive/2018basic/texmf-dist/tex/latex/graphics/keyval.sty
Package: keyval 2014/10/28 v1.15 key=value parser (DPC)
\KV@toks@=\toks25
) (/usr/local/texlive/2018basic/texmf-dist/tex/latex/graphics/graphics.sty
Package: graphics 2017/06/25 v1.2c Standard LaTeX Graphics (DPC,SPQR)
 (/usr/local/texlive/2018basic/texmf-dist/tex/latex/graphics/trig.sty
Package: trig 2016/01/03 v1.10 sin cos tan (DPC)
) (/usr/local/texlive/2018basic/texmf-dist/tex/latex/graphics-cfg/graphics.cfg
File: graphics.cfg 2016/06/04 v1.11 sample graphics configuration
)
Package graphics Info: Driver file: pdftex.def on input line 99.
 (/usr/local/texlive/2018basic/texmf-dist/tex/latex/graphics-def/pdftex.def
File: pdftex.def 2018/01/08 v1.0l Graphics/color driver for pdftex
))
\Gin@req@height=\dimen112
\Gin@req@width=\dimen113
) (/usr/local/texlive/2018basic/texmf-dist/tex/latex/pdfpages/pdfpages.sty
Package: pdfpages 2017/10/31 v0.5l Insert pages of external PDF documents (AM)
 (/usr/local/texlive/2018basic/texmf-dist/tex/latex/base/ifthen.sty
Package: ifthen 2014/09/29 v1.1c Standard LaTeX ifthen package (DPC)
) (/usr/local/texlive/2018basic/texmf-dist/tex/latex/tools/calc.sty
Package: calc 2017/05/25 v4.3 Infix arithmetic (KKT,FJ)
\calc@Acount=\count100
\calc@Bcount=\count101
\calc@Adimen=\dimen114
\calc@Bdimen=\dimen115
\calc@Askip=\skip49
\calc@Bskip=\skip50
LaTeX Info: Redefining \setlength on input line 80.
LaTeX Info: Redefining \addtolength on input line 81.
\calc@Ccount=\count102
\calc@Cskip=\skip51
) (/usr/local/texlive/2018basic/texmf-dist/tex/latex/eso-pic/eso-pic.sty
Package: eso-pic 2015/07/21 v2.0g eso-pic (RN)
 (/usr/local/texlive/2018basic/texmf-dist/tex/generic/oberdiek/atbegshi.sty
Package: atbegshi 2016/06/09 v1.18 At begin shipout hook (HO)
 (/usr/local/texlive/2018basic/texmf-dist/tex/generic/oberdiek/infwarerr.sty
Package: infwarerr 2016/05/16 v1.4 Providing info/warning/error messages (HO)
) (/usr/local/texlive/2018basic/texmf-dist/tex/generic/oberdiek/ltxcmds.sty
Package: ltxcmds 2016/05/16 v1.23 LaTeX kernel commands for general use (HO)
) (/usr/local/texlive/2018basic/texmf-dist/tex/generic/oberdiek/ifpdf.sty
Package: ifpdf 2017/03/15 v3.2 Provides the ifpdf switch
)) (/usr/local/texlive/2018basic/texmf-dist/tex/latex/xcolor/xcolor.sty
Package: xcolor 2016/05/11 v2.12 LaTeX color extensions (UK)
 (/usr/local/texlive/2018basic/texmf-dist/tex/latex/graphics-cfg/color.cfg
File: color.cfg 2016/01/02 v1.6 sample color configuration
)
Package xcolor Info: Driver file: pdftex.def on input line 225.
Package xcolor Info: Model `cmy' substituted by `cmy0' on input line 1348.
Package xcolor Info: Model `hsb' substituted by `rgb' on input line 1352.
Package xcolor Info: Model `RGB' extended on input line 1364.
Package xcolor Info: Model `HTML' substituted by `rgb' on input line 1366.
Package xcolor Info: Model `Hsb' substituted by `hsb' on input line 1367.
Package xcolor Info: Model `tHsb' substituted by `hsb' on input line 1368.
Package xcolor Info: Model `HSB' substituted by `hsb' on input line 1369.
Package xcolor Info: Model `Gray' substituted by `gray' on input line 1370.
Package xcolor Info: Model `wave' substituted by `hsb' on input line 1371.
))
\AM@pagewidth=\dimen116
\AM@pageheight=\dimen117
 (/usr/local/texlive/2018basic/texmf-dist/tex/latex/pdfpages/pppdftex.def
File: pppdftex.def 2017/10/31 v0.5l Pdfpages driver for pdfTeX (AM)
)
\AM@pagebox=\box28
\AM@global@opts=\toks26
\AM@toc@title=\toks27
\c@AM@survey=\count103
\AM@templatesizebox=\box29
) (/usr/local/texlive/2018basic/texmf-dist/tex/latex/algorithms/algorithm.sty
Package: algorithm 2009/08/24 v0.1 Document Style `algorithm' - floating environment
 (/usr/local/texlive/2018basic/texmf-dist/tex/latex/float/float.sty
Package: float 2001/11/08 v1.3d Float enhancements (AL)
\c@float@type=\count104
\float@exts=\toks28
\float@box=\box30
\@float@everytoks=\toks29
\@floatcapt=\box31
)
\@float@every@algorithm=\toks30
\c@algorithm=\count105
)
(/usr/local/texlive/2018basic/texmf-dist/tex/latex/algorithmicx/algorithmicx.sty
Package: algorithmicx 2005/04/27 v1.2 Algorithmicx

Document Style algorithmicx 1.2 - a greatly improved `algorithmic' style
\c@ALG@line=\count106
\c@ALG@rem=\count107
\c@ALG@nested=\count108
\ALG@tlm=\skip52
\ALG@thistlm=\skip53
\c@ALG@Lnr=\count109
\c@ALG@blocknr=\count110
\c@ALG@storecount=\count111
\c@ALG@tmpcounter=\count112
\ALG@tmplength=\skip54
) (/usr/local/texlive/2018basic/texmf-dist/tex/latex/algorithmicx/algpseudocode.sty
Package: algpseudocode 

Document Style - pseudocode environments for use with the `algorithmicx' style
)
\c@theorem=\count113
 (./template.aux)
\openout1 = `template.aux'.

LaTeX Font Info:    Checking defaults for OML/cmm/m/it on input line 28.
LaTeX Font Info:    ... okay on input line 28.
LaTeX Font Info:    Checking defaults for T1/cmr/m/n on input line 28.
LaTeX Font Info:    ... okay on input line 28.
LaTeX Font Info:    Checking defaults for OT1/cmr/m/n on input line 28.
LaTeX Font Info:    ... okay on input line 28.
LaTeX Font Info:    Checking defaults for OMS/cmsy/m/n on input line 28.
LaTeX Font Info:    ... okay on input line 28.
LaTeX Font Info:    Checking defaults for OMX/cmex/m/n on input line 28.
LaTeX Font Info:    ... okay on input line 28.
LaTeX Font Info:    Checking defaults for U/cmr/m/n on input line 28.
LaTeX Font Info:    ... okay on input line 28.
 (/usr/local/texlive/2018basic/texmf-dist/tex/context/base/mkii/supp-pdf.mkii
[Loading MPS to PDF converter (version 2006.09.02).]
\scratchcounter=\count114
\scratchdimen=\dimen118
\scratchbox=\box32
\nofMPsegments=\count115
\nofMParguments=\count116
\everyMPshowfont=\toks31
\MPscratchCnt=\count117
\MPscratchDim=\dimen119
\MPnumerator=\count118
\makeMPintoPDFobject=\count119
\everyMPtoPDFconversion=\toks32
) (/usr/local/texlive/2018basic/texmf-dist/tex/latex/oberdiek/epstopdf-base.sty
Package: epstopdf-base 2016/05/15 v2.6 Base part for package epstopdf
 (/usr/local/texlive/2018basic/texmf-dist/tex/latex/oberdiek/grfext.sty
Package: grfext 2016/05/16 v1.2 Manage graphics extensions (HO)
 (/usr/local/texlive/2018basic/texmf-dist/tex/generic/oberdiek/kvdefinekeys.sty
Package: kvdefinekeys 2016/05/16 v1.4 Define keys (HO)
)) (/usr/local/texlive/2018basic/texmf-dist/tex/latex/oberdiek/kvoptions.sty
Package: kvoptions 2016/05/16 v3.12 Key value format for package options (HO)
 (/usr/local/texlive/2018basic/texmf-dist/tex/generic/oberdiek/kvsetkeys.sty
Package: kvsetkeys 2016/05/16 v1.17 Key value parser (HO)
 (/usr/local/texlive/2018basic/texmf-dist/tex/generic/oberdiek/etexcmds.sty
Package: etexcmds 2016/05/16 v1.6 Avoid name clashes with e-TeX commands (HO)
 (/usr/local/texlive/2018basic/texmf-dist/tex/generic/oberdiek/ifluatex.sty
Package: ifluatex 2016/05/16 v1.4 Provides the ifluatex switch (HO)
Package ifluatex Info: LuaTeX not detected.
)
Package etexcmds Info: Could not find \expanded.
(etexcmds)             That can mean that you are not using pdfTeX 1.50 or
(etexcmds)             that some package has redefined \expanded.
(etexcmds)             In the latter case, load this package earlier.
))) (/usr/local/texlive/2018basic/texmf-dist/tex/generic/oberdiek/pdftexcmds.sty
Package: pdftexcmds 2018/01/30 v0.27 Utility functions of pdfTeX for LuaTeX (HO)
Package pdftexcmds Info: LuaTeX not detected.
Package pdftexcmds Info: \pdf@primitive is available.
Package pdftexcmds Info: \pdf@ifprimitive is available.
Package pdftexcmds Info: \pdfdraftmode found.
)
Package epstopdf-base Info: Redefining graphics rule for `.eps' on input line 438.
Package grfext Info: Graphics extension search list:
(grfext)             [.pdf,.png,.jpg,.mps,.jpeg,.jbig2,.jb2,.PDF,.PNG,.JPG,.JPEG,.JBIG2,.JB2,.eps]
(grfext)             \AppendGraphicsExtensions on input line 456.
 (/usr/local/texlive/2018basic/texmf-dist/tex/latex/latexconfig/epstopdf-sys.cfg
File: epstopdf-sys.cfg 2010/07/13 v1.3 Configuration of (r)epstopdf for TeX Live
))
\AtBeginShipoutBox=\box33
 (/usr/local/texlive/2018basic/texmf-dist/tex/latex/oberdiek/pdflscape.sty
Package: pdflscape 2016/05/14 v0.11 Display of landscape pages in PDF (HO)
 (/usr/local/texlive/2018basic/texmf-dist/tex/latex/graphics/lscape.sty
Package: lscape 2000/10/22 v3.01 Landscape Pages (DPC)
)
Package pdflscape Info: Auto-detected driver: pdftex on input line 81.
 (/usr/local/texlive/2018basic/texmf-dist/tex/generic/ifxetex/ifxetex.sty
Package: ifxetex 2010/09/12 v0.6 Provides ifxetex conditional
))
LaTeX Font Info:    Try loading font information for U+msa on input line 29.
 (/usr/local/texlive/2018basic/texmf-dist/tex/latex/amsfonts/umsa.fd
File: umsa.fd 2013/01/14 v3.01 AMS symbols A
)
LaTeX Font Info:    Try loading font information for U+msb on input line 29.
 (/usr/local/texlive/2018basic/texmf-dist/tex/latex/amsfonts/umsb.fd
File: umsb.fd 2013/01/14 v3.01 AMS symbols B
)
LaTeX Font Info:    Try loading font information for U+lasy on input line 29.
 (/usr/local/texlive/2018basic/texmf-dist/tex/latex/base/ulasy.fd
File: ulasy.fd 1998/08/17 v2.2e LaTeX symbol font definitions
)
<RHULlogo.jpg, id=1, 414.04688pt x 207.02344pt>
File: RHULlogo.jpg Graphic file (type jpg)
<use RHULlogo.jpg>
Package pdftex.def Info: RHULlogo.jpg  used on input line 29.
(pdftex.def)             Requested size: 143.9978pt x 72.00124pt.
 [1

{/usr/local/texlive/2018basic/texmf-var/fonts/map/pdftex/updmap/pdftex.map} <./RHULlogo.jpg>] [1] [1] (./template.toc)
\tf@toc=\write3
\openout3 = `template.toc'.

 [2] [1]
LaTeX Font Info:    Try loading font information for OMS+cmr on input line 177.
 (/usr/local/texlive/2018basic/texmf-dist/tex/latex/base/omscmr.fd
File: omscmr.fd 2014/09/29 v2.5h Standard LaTeX font definitions
)
LaTeX Font Info:    Font shape `OMS/cmr/m/n' in size <10.95> not available
(Font)              Font shape `OMS/cmsy/m/n' tried instead on input line 177.
 [2] [3] [4] [5] [6]
./template.tex:439: Missing $ inserted.
<inserted text> 
                $
l.439   recv_
             j_ pong
I've inserted a begin-math/end-math symbol since I think
you left one out. Proceed, with fingers crossed.

./template.tex:439: Double subscript.
l.439   recv_j_
                pong
I treat `x_1_2' essentially like `x_1{}_2'.

./template.tex:442: Missing $ inserted.
<inserted text> 
                $
l.442 
      
I've inserted a begin-math/end-math symbol since I think
you left one out. Proceed, with fingers crossed.


Overfull \hbox (110.39093pt too wide) in paragraph at lines 439--442
[]\OT1/cmr/m/n/10.95 recv$[][]\OML/cmm/m/it/10.95 ongifnot\OT1/cmr/m/n/10.95 (\OML/cmm/m/it/10.95 pong:RemoteHostTime \OMS/cmsy/m/n/10.95 ^^@ \OML/cmm/m/it/10.95 currentHostTime\OT1/cmr/m/n/10.95 ) \OML/cmm/m/it/10.95 > staleMessageThresholdreject$ 
 []

./template.tex:445: Missing $ inserted.
<inserted text> 
                $
l.445       send msg pong_
                          i_
I've inserted a begin-math/end-math symbol since I think
you left one out. Proceed, with fingers crossed.

./template.tex:445: Double subscript.
l.445       send msg pong_i_
                            
I treat `x_1_2' essentially like `x_1{}_2'.

./template.tex:446: Missing { inserted.
<to be read again> 
                   \par 
l.446 
      
A left brace was mandatory here, so I've put one in.
You might want to delete and/or insert some corrections
so that I will find a matching right brace soon.
(If you're confused by all this, try typing `I}' now.)

./template.tex:446: Missing $ inserted.
<inserted text> 
                $
l.446 
      
I've inserted a begin-math/end-math symbol since I think
you left one out. Proceed, with fingers crossed.

./template.tex:446: Missing } inserted.
<inserted text> 
                }
l.446 
      
I've inserted something that you may have forgotten.
(See the <inserted text> above.)
With luck, this will get me unwedged. But if you
really didn't forget anything, try typing `2' now; then
my insertion and my current dilemma will both disappear.

./template.tex:447: Missing $ inserted.
<inserted text> 
                $
l.447   recv_
             i_ ping
I've inserted a begin-math/end-math symbol since I think
you left one out. Proceed, with fingers crossed.

./template.tex:447: Double subscript.
l.447   recv_i_
                ping
I treat `x_1_2' essentially like `x_1{}_2'.

./template.tex:449: Missing $ inserted.
<inserted text> 
                $
l.449 
      
I've inserted a begin-math/end-math symbol since I think
you left one out. Proceed, with fingers crossed.

[7]
<figures-for-publication/connected-no-delay/plot.pdf, id=47, 844.15375pt x 597.23125pt>
File: figures-for-publication/connected-no-delay/plot.pdf Graphic file (type pdf)
<use figures-for-publication/connected-no-delay/plot.pdf>
Package pdftex.def Info: figures-for-publication/connected-no-delay/plot.pdf  used on input line 539.
(pdftex.def)             Requested size: 844.15169pt x 597.22978pt.
File: figures-for-publication/connected-no-delay/plot.pdf Graphic file (type pdf)
<use figures-for-publication/connected-no-delay/plot.pdf>
Package pdftex.def Info: figures-for-publication/connected-no-delay/plot.pdf  used on input line 539.
(pdftex.def)             Requested size: 844.15169pt x 597.22978pt.
<figures-for-publication/connected-no-delay/plot.pdf, id=50, page=1, 844.15375pt x 597.23125pt>
File: figures-for-publication/connected-no-delay/plot.pdf Graphic file (type pdf)
<use figures-for-publication/connected-no-delay/plot.pdf, page 1>
Package pdftex.def Info: figures-for-publication/connected-no-delay/plot.pdf , page1 used on input line 539.
(pdftex.def)             Requested size: 844.15169pt x 597.22978pt.
File: figures-for-publication/connected-no-delay/plot.pdf Graphic file (type pdf)
<use figures-for-publication/connected-no-delay/plot.pdf, page 1>
Package pdftex.def Info: figures-for-publication/connected-no-delay/plot.pdf , page1 used on input line 539.
(pdftex.def)             Requested size: 844.15169pt x 597.22978pt.
 [8]
File: figures-for-publication/connected-no-delay/plot.pdf Graphic file (type pdf)
<use figures-for-publication/connected-no-delay/plot.pdf, page 1>
Package pdftex.def Info: figures-for-publication/connected-no-delay/plot.pdf , page1 used on input line 539.
(pdftex.def)             Requested size: 844.15169pt x 597.22978pt.
File: figures-for-publication/connected-no-delay/plot.pdf Graphic file (type pdf)
<use figures-for-publication/connected-no-delay/plot.pdf, page 1>
Package pdftex.def Info: figures-for-publication/connected-no-delay/plot.pdf , page1 used on input line 539.
(pdftex.def)             Requested size: 844.15169pt x 597.22978pt.
File: figures-for-publication/connected-no-delay/plot.pdf Graphic file (type pdf)
<use figures-for-publication/connected-no-delay/plot.pdf, page 1>
Package pdftex.def Info: figures-for-publication/connected-no-delay/plot.pdf , page1 used on input line 539.
(pdftex.def)             Requested size: 844.15169pt x 597.22978pt.
 [9 <./figures-for-publication/connected-no-delay/plot.pdf>]
<figures-for-publication/connected-50ms-delay/plot.pdf, id=90, 844.15375pt x 597.23125pt>
File: figures-for-publication/connected-50ms-delay/plot.pdf Graphic file (type pdf)
<use figures-for-publication/connected-50ms-delay/plot.pdf>
Package pdftex.def Info: figures-for-publication/connected-50ms-delay/plot.pdf  used on input line 540.
(pdftex.def)             Requested size: 844.15169pt x 597.22978pt.
File: figures-for-publication/connected-50ms-delay/plot.pdf Graphic file (type pdf)
<use figures-for-publication/connected-50ms-delay/plot.pdf>
Package pdftex.def Info: figures-for-publication/connected-50ms-delay/plot.pdf  used on input line 540.
(pdftex.def)             Requested size: 844.15169pt x 597.22978pt.
<figures-for-publication/connected-50ms-delay/plot.pdf, id=93, page=1, 844.15375pt x 597.23125pt>
File: figures-for-publication/connected-50ms-delay/plot.pdf Graphic file (type pdf)
<use figures-for-publication/connected-50ms-delay/plot.pdf, page 1>
Package pdftex.def Info: figures-for-publication/connected-50ms-delay/plot.pdf , page1 used on input line 540.
(pdftex.def)             Requested size: 844.15169pt x 597.22978pt.
File: figures-for-publication/connected-50ms-delay/plot.pdf Graphic file (type pdf)
<use figures-for-publication/connected-50ms-delay/plot.pdf, page 1>
Package pdftex.def Info: figures-for-publication/connected-50ms-delay/plot.pdf , page1 used on input line 540.
(pdftex.def)             Requested size: 844.15169pt x 597.22978pt.
File: figures-for-publication/connected-50ms-delay/plot.pdf Graphic file (type pdf)
<use figures-for-publication/connected-50ms-delay/plot.pdf, page 1>
Package pdftex.def Info: figures-for-publication/connected-50ms-delay/plot.pdf , page1 used on input line 540.
(pdftex.def)             Requested size: 844.15169pt x 597.22978pt.
File: figures-for-publication/connected-50ms-delay/plot.pdf Graphic file (type pdf)
<use figures-for-publication/connected-50ms-delay/plot.pdf, page 1>
Package pdftex.def Info: figures-for-publication/connected-50ms-delay/plot.pdf , page1 used on input line 540.
(pdftex.def)             Requested size: 844.15169pt x 597.22978pt.
File: figures-for-publication/connected-50ms-delay/plot.pdf Graphic file (type pdf)
<use figures-for-publication/connected-50ms-delay/plot.pdf, page 1>
Package pdftex.def Info: figures-for-publication/connected-50ms-delay/plot.pdf , page1 used on input line 540.
(pdftex.def)             Requested size: 844.15169pt x 597.22978pt.
 [10 <./figures-for-publication/connected-50ms-delay/plot.pdf>]
<figures-for-publication/connected-500ms-delay/plot.pdf, id=129, 844.15375pt x 597.23125pt>
File: figures-for-publication/connected-500ms-delay/plot.pdf Graphic file (type pdf)
<use figures-for-publication/connected-500ms-delay/plot.pdf>
Package pdftex.def Info: figures-for-publication/connected-500ms-delay/plot.pdf  used on input line 541.
(pdftex.def)             Requested size: 844.15169pt x 597.22978pt.
File: figures-for-publication/connected-500ms-delay/plot.pdf Graphic file (type pdf)
<use figures-for-publication/connected-500ms-delay/plot.pdf>
Package pdftex.def Info: figures-for-publication/connected-500ms-delay/plot.pdf  used on input line 541.
(pdftex.def)             Requested size: 844.15169pt x 597.22978pt.
<figures-for-publication/connected-500ms-delay/plot.pdf, id=132, page=1, 844.15375pt x 597.23125pt>
File: figures-for-publication/connected-500ms-delay/plot.pdf Graphic file (type pdf)
<use figures-for-publication/connected-500ms-delay/plot.pdf, page 1>
Package pdftex.def Info: figures-for-publication/connected-500ms-delay/plot.pdf , page1 used on input line 541.
(pdftex.def)             Requested size: 844.15169pt x 597.22978pt.
File: figures-for-publication/connected-500ms-delay/plot.pdf Graphic file (type pdf)
<use figures-for-publication/connected-500ms-delay/plot.pdf, page 1>
Package pdftex.def Info: figures-for-publication/connected-500ms-delay/plot.pdf , page1 used on input line 541.
(pdftex.def)             Requested size: 844.15169pt x 597.22978pt.
File: figures-for-publication/connected-500ms-delay/plot.pdf Graphic file (type pdf)
<use figures-for-publication/connected-500ms-delay/plot.pdf, page 1>
Package pdftex.def Info: figures-for-publication/connected-500ms-delay/plot.pdf , page1 used on input line 541.
(pdftex.def)             Requested size: 844.15169pt x 597.22978pt.
File: figures-for-publication/connected-500ms-delay/plot.pdf Graphic file (type pdf)
<use figures-for-publication/connected-500ms-delay/plot.pdf, page 1>
Package pdftex.def Info: figures-for-publication/connected-500ms-delay/plot.pdf , page1 used on input line 541.
(pdftex.def)             Requested size: 844.15169pt x 597.22978pt.
File: figures-for-publication/connected-500ms-delay/plot.pdf Graphic file (type pdf)
<use figures-for-publication/connected-500ms-delay/plot.pdf, page 1>
Package pdftex.def Info: figures-for-publication/connected-500ms-delay/plot.pdf , page1 used on input line 541.
(pdftex.def)             Requested size: 844.15169pt x 597.22978pt.
 [11 <./figures-for-publication/connected-500ms-delay/plot.pdf>]
<figures-for-publication/bridge-no-delay/plot.pdf, id=168, 844.15375pt x 597.23125pt>
File: figures-for-publication/bridge-no-delay/plot.pdf Graphic file (type pdf)
<use figures-for-publication/bridge-no-delay/plot.pdf>
Package pdftex.def Info: figures-for-publication/bridge-no-delay/plot.pdf  used on input line 542.
(pdftex.def)             Requested size: 844.15169pt x 597.22978pt.
File: figures-for-publication/bridge-no-delay/plot.pdf Graphic file (type pdf)
<use figures-for-publication/bridge-no-delay/plot.pdf>
Package pdftex.def Info: figures-for-publication/bridge-no-delay/plot.pdf  used on input line 542.
(pdftex.def)             Requested size: 844.15169pt x 597.22978pt.
<figures-for-publication/bridge-no-delay/plot.pdf, id=171, page=1, 844.15375pt x 597.23125pt>
File: figures-for-publication/bridge-no-delay/plot.pdf Graphic file (type pdf)
<use figures-for-publication/bridge-no-delay/plot.pdf, page 1>
Package pdftex.def Info: figures-for-publication/bridge-no-delay/plot.pdf , page1 used on input line 542.
(pdftex.def)             Requested size: 844.15169pt x 597.22978pt.
File: figures-for-publication/bridge-no-delay/plot.pdf Graphic file (type pdf)
<use figures-for-publication/bridge-no-delay/plot.pdf, page 1>
Package pdftex.def Info: figures-for-publication/bridge-no-delay/plot.pdf , page1 used on input line 542.
(pdftex.def)             Requested size: 844.15169pt x 597.22978pt.
File: figures-for-publication/bridge-no-delay/plot.pdf Graphic file (type pdf)
<use figures-for-publication/bridge-no-delay/plot.pdf, page 1>
Package pdftex.def Info: figures-for-publication/bridge-no-delay/plot.pdf , page1 used on input line 542.
(pdftex.def)             Requested size: 844.15169pt x 597.22978pt.
File: figures-for-publication/bridge-no-delay/plot.pdf Graphic file (type pdf)
<use figures-for-publication/bridge-no-delay/plot.pdf, page 1>
Package pdftex.def Info: figures-for-publication/bridge-no-delay/plot.pdf , page1 used on input line 542.
(pdftex.def)             Requested size: 844.15169pt x 597.22978pt.
File: figures-for-publication/bridge-no-delay/plot.pdf Graphic file (type pdf)
<use figures-for-publication/bridge-no-delay/plot.pdf, page 1>
Package pdftex.def Info: figures-for-publication/bridge-no-delay/plot.pdf , page1 used on input line 542.
(pdftex.def)             Requested size: 844.15169pt x 597.22978pt.
 [12 <./figures-for-publication/bridge-no-delay/plot.pdf>]
<figures-for-publication/bridge-50ms-delay/plot.pdf, id=208, 844.15375pt x 597.23125pt>
File: figures-for-publication/bridge-50ms-delay/plot.pdf Graphic file (type pdf)
<use figures-for-publication/bridge-50ms-delay/plot.pdf>
Package pdftex.def Info: figures-for-publication/bridge-50ms-delay/plot.pdf  used on input line 543.
(pdftex.def)             Requested size: 844.15169pt x 597.22978pt.
File: figures-for-publication/bridge-50ms-delay/plot.pdf Graphic file (type pdf)
<use figures-for-publication/bridge-50ms-delay/plot.pdf>
Package pdftex.def Info: figures-for-publication/bridge-50ms-delay/plot.pdf  used on input line 543.
(pdftex.def)             Requested size: 844.15169pt x 597.22978pt.
<figures-for-publication/bridge-50ms-delay/plot.pdf, id=211, page=1, 844.15375pt x 597.23125pt>
File: figures-for-publication/bridge-50ms-delay/plot.pdf Graphic file (type pdf)
<use figures-for-publication/bridge-50ms-delay/plot.pdf, page 1>
Package pdftex.def Info: figures-for-publication/bridge-50ms-delay/plot.pdf , page1 used on input line 543.
(pdftex.def)             Requested size: 844.15169pt x 597.22978pt.
File: figures-for-publication/bridge-50ms-delay/plot.pdf Graphic file (type pdf)
<use figures-for-publication/bridge-50ms-delay/plot.pdf, page 1>
Package pdftex.def Info: figures-for-publication/bridge-50ms-delay/plot.pdf , page1 used on input line 543.
(pdftex.def)             Requested size: 844.15169pt x 597.22978pt.
File: figures-for-publication/bridge-50ms-delay/plot.pdf Graphic file (type pdf)
<use figures-for-publication/bridge-50ms-delay/plot.pdf, page 1>
Package pdftex.def Info: figures-for-publication/bridge-50ms-delay/plot.pdf , page1 used on input line 543.
(pdftex.def)             Requested size: 844.15169pt x 597.22978pt.
File: figures-for-publication/bridge-50ms-delay/plot.pdf Graphic file (type pdf)
<use figures-for-publication/bridge-50ms-delay/plot.pdf, page 1>
Package pdftex.def Info: figures-for-publication/bridge-50ms-delay/plot.pdf , page1 used on input line 543.
(pdftex.def)             Requested size: 844.15169pt x 597.22978pt.
File: figures-for-publication/bridge-50ms-delay/plot.pdf Graphic file (type pdf)
<use figures-for-publication/bridge-50ms-delay/plot.pdf, page 1>
Package pdftex.def Info: figures-for-publication/bridge-50ms-delay/plot.pdf , page1 used on input line 543.
(pdftex.def)             Requested size: 844.15169pt x 597.22978pt.
 [13 <./figures-for-publication/bridge-50ms-delay/plot.pdf>]
<figures-for-publication/bridge-500ms-delay/plot.pdf, id=247, 844.15375pt x 597.23125pt>
File: figures-for-publication/bridge-500ms-delay/plot.pdf Graphic file (type pdf)
<use figures-for-publication/bridge-500ms-delay/plot.pdf>
Package pdftex.def Info: figures-for-publication/bridge-500ms-delay/plot.pdf  used on input line 544.
(pdftex.def)             Requested size: 844.15169pt x 597.22978pt.
File: figures-for-publication/bridge-500ms-delay/plot.pdf Graphic file (type pdf)
<use figures-for-publication/bridge-500ms-delay/plot.pdf>
Package pdftex.def Info: figures-for-publication/bridge-500ms-delay/plot.pdf  used on input line 544.
(pdftex.def)             Requested size: 844.15169pt x 597.22978pt.
<figures-for-publication/bridge-500ms-delay/plot.pdf, id=250, page=1, 844.15375pt x 597.23125pt>
File: figures-for-publication/bridge-500ms-delay/plot.pdf Graphic file (type pdf)
<use figures-for-publication/bridge-500ms-delay/plot.pdf, page 1>
Package pdftex.def Info: figures-for-publication/bridge-500ms-delay/plot.pdf , page1 used on input line 544.
(pdftex.def)             Requested size: 844.15169pt x 597.22978pt.
File: figures-for-publication/bridge-500ms-delay/plot.pdf Graphic file (type pdf)
<use figures-for-publication/bridge-500ms-delay/plot.pdf, page 1>
Package pdftex.def Info: figures-for-publication/bridge-500ms-delay/plot.pdf , page1 used on input line 544.
(pdftex.def)             Requested size: 844.15169pt x 597.22978pt.
File: figures-for-publication/bridge-500ms-delay/plot.pdf Graphic file (type pdf)
<use figures-for-publication/bridge-500ms-delay/plot.pdf, page 1>
Package pdftex.def Info: figures-for-publication/bridge-500ms-delay/plot.pdf , page1 used on input line 544.
(pdftex.def)             Requested size: 844.15169pt x 597.22978pt.
File: figures-for-publication/bridge-500ms-delay/plot.pdf Graphic file (type pdf)
<use figures-for-publication/bridge-500ms-delay/plot.pdf, page 1>
Package pdftex.def Info: figures-for-publication/bridge-500ms-delay/plot.pdf , page1 used on input line 544.
(pdftex.def)             Requested size: 844.15169pt x 597.22978pt.
File: figures-for-publication/bridge-500ms-delay/plot.pdf Graphic file (type pdf)
<use figures-for-publication/bridge-500ms-delay/plot.pdf, page 1>
Package pdftex.def Info: figures-for-publication/bridge-500ms-delay/plot.pdf , page1 used on input line 544.
(pdftex.def)             Requested size: 844.15169pt x 597.22978pt.
 [14 <./figures-for-publication/bridge-500ms-delay/plot.pdf>]
<figures-for-publication/line-no-delay/plot.pdf, id=286, 844.15375pt x 597.23125pt>
File: figures-for-publication/line-no-delay/plot.pdf Graphic file (type pdf)
<use figures-for-publication/line-no-delay/plot.pdf>
Package pdftex.def Info: figures-for-publication/line-no-delay/plot.pdf  used on input line 545.
(pdftex.def)             Requested size: 844.15169pt x 597.22978pt.
File: figures-for-publication/line-no-delay/plot.pdf Graphic file (type pdf)
<use figures-for-publication/line-no-delay/plot.pdf>
Package pdftex.def Info: figures-for-publication/line-no-delay/plot.pdf  used on input line 545.
(pdftex.def)             Requested size: 844.15169pt x 597.22978pt.
<figures-for-publication/line-no-delay/plot.pdf, id=289, page=1, 844.15375pt x 597.23125pt>
File: figures-for-publication/line-no-delay/plot.pdf Graphic file (type pdf)
<use figures-for-publication/line-no-delay/plot.pdf, page 1>
Package pdftex.def Info: figures-for-publication/line-no-delay/plot.pdf , page1 used on input line 545.
(pdftex.def)             Requested size: 844.15169pt x 597.22978pt.
File: figures-for-publication/line-no-delay/plot.pdf Graphic file (type pdf)
<use figures-for-publication/line-no-delay/plot.pdf, page 1>
Package pdftex.def Info: figures-for-publication/line-no-delay/plot.pdf , page1 used on input line 545.
(pdftex.def)             Requested size: 844.15169pt x 597.22978pt.
File: figures-for-publication/line-no-delay/plot.pdf Graphic file (type pdf)
<use figures-for-publication/line-no-delay/plot.pdf, page 1>
Package pdftex.def Info: figures-for-publication/line-no-delay/plot.pdf , page1 used on input line 545.
(pdftex.def)             Requested size: 844.15169pt x 597.22978pt.
File: figures-for-publication/line-no-delay/plot.pdf Graphic file (type pdf)
<use figures-for-publication/line-no-delay/plot.pdf, page 1>
Package pdftex.def Info: figures-for-publication/line-no-delay/plot.pdf , page1 used on input line 545.
(pdftex.def)             Requested size: 844.15169pt x 597.22978pt.
File: figures-for-publication/line-no-delay/plot.pdf Graphic file (type pdf)
<use figures-for-publication/line-no-delay/plot.pdf, page 1>
Package pdftex.def Info: figures-for-publication/line-no-delay/plot.pdf , page1 used on input line 545.
(pdftex.def)             Requested size: 844.15169pt x 597.22978pt.
 [15 <./figures-for-publication/line-no-delay/plot.pdf>]
<figures-for-publication/line-50ms-delay/plot.pdf, id=326, 844.15375pt x 597.23125pt>
File: figures-for-publication/line-50ms-delay/plot.pdf Graphic file (type pdf)
<use figures-for-publication/line-50ms-delay/plot.pdf>
Package pdftex.def Info: figures-for-publication/line-50ms-delay/plot.pdf  used on input line 546.
(pdftex.def)             Requested size: 844.15169pt x 597.22978pt.
File: figures-for-publication/line-50ms-delay/plot.pdf Graphic file (type pdf)
<use figures-for-publication/line-50ms-delay/plot.pdf>
Package pdftex.def Info: figures-for-publication/line-50ms-delay/plot.pdf  used on input line 546.
(pdftex.def)             Requested size: 844.15169pt x 597.22978pt.
<figures-for-publication/line-50ms-delay/plot.pdf, id=329, page=1, 844.15375pt x 597.23125pt>
File: figures-for-publication/line-50ms-delay/plot.pdf Graphic file (type pdf)
<use figures-for-publication/line-50ms-delay/plot.pdf, page 1>
Package pdftex.def Info: figures-for-publication/line-50ms-delay/plot.pdf , page1 used on input line 546.
(pdftex.def)             Requested size: 844.15169pt x 597.22978pt.
File: figures-for-publication/line-50ms-delay/plot.pdf Graphic file (type pdf)
<use figures-for-publication/line-50ms-delay/plot.pdf, page 1>
Package pdftex.def Info: figures-for-publication/line-50ms-delay/plot.pdf , page1 used on input line 546.
(pdftex.def)             Requested size: 844.15169pt x 597.22978pt.
File: figures-for-publication/line-50ms-delay/plot.pdf Graphic file (type pdf)
<use figures-for-publication/line-50ms-delay/plot.pdf, page 1>
Package pdftex.def Info: figures-for-publication/line-50ms-delay/plot.pdf , page1 used on input line 546.
(pdftex.def)             Requested size: 844.15169pt x 597.22978pt.
File: figures-for-publication/line-50ms-delay/plot.pdf Graphic file (type pdf)
<use figures-for-publication/line-50ms-delay/plot.pdf, page 1>
Package pdftex.def Info: figures-for-publication/line-50ms-delay/plot.pdf , page1 used on input line 546.
(pdftex.def)             Requested size: 844.15169pt x 597.22978pt.
File: figures-for-publication/line-50ms-delay/plot.pdf Graphic file (type pdf)
<use figures-for-publication/line-50ms-delay/plot.pdf, page 1>
Package pdftex.def Info: figures-for-publication/line-50ms-delay/plot.pdf , page1 used on input line 546.
(pdftex.def)             Requested size: 844.15169pt x 597.22978pt.
 [16 <./figures-for-publication/line-50ms-delay/plot.pdf>]
<figures-for-publication/line-500ms-delay/plot.pdf, id=366, 844.15375pt x 597.23125pt>
File: figures-for-publication/line-500ms-delay/plot.pdf Graphic file (type pdf)
<use figures-for-publication/line-500ms-delay/plot.pdf>
Package pdftex.def Info: figures-for-publication/line-500ms-delay/plot.pdf  used on input line 547.
(pdftex.def)             Requested size: 844.15169pt x 597.22978pt.
File: figures-for-publication/line-500ms-delay/plot.pdf Graphic file (type pdf)
<use figures-for-publication/line-500ms-delay/plot.pdf>
Package pdftex.def Info: figures-for-publication/line-500ms-delay/plot.pdf  used on input line 547.
(pdftex.def)             Requested size: 844.15169pt x 597.22978pt.
<figures-for-publication/line-500ms-delay/plot.pdf, id=369, page=1, 844.15375pt x 597.23125pt>
File: figures-for-publication/line-500ms-delay/plot.pdf Graphic file (type pdf)
<use figures-for-publication/line-500ms-delay/plot.pdf, page 1>
Package pdftex.def Info: figures-for-publication/line-500ms-delay/plot.pdf , page1 used on input line 547.
(pdftex.def)             Requested size: 844.15169pt x 597.22978pt.
File: figures-for-publication/line-500ms-delay/plot.pdf Graphic file (type pdf)
<use figures-for-publication/line-500ms-delay/plot.pdf, page 1>
Package pdftex.def Info: figures-for-publication/line-500ms-delay/plot.pdf , page1 used on input line 547.
(pdftex.def)             Requested size: 844.15169pt x 597.22978pt.
File: figures-for-publication/line-500ms-delay/plot.pdf Graphic file (type pdf)
<use figures-for-publication/line-500ms-delay/plot.pdf, page 1>
Package pdftex.def Info: figures-for-publication/line-500ms-delay/plot.pdf , page1 used on input line 547.
(pdftex.def)             Requested size: 844.15169pt x 597.22978pt.
File: figures-for-publication/line-500ms-delay/plot.pdf Graphic file (type pdf)
<use figures-for-publication/line-500ms-delay/plot.pdf, page 1>
Package pdftex.def Info: figures-for-publication/line-500ms-delay/plot.pdf , page1 used on input line 547.
(pdftex.def)             Requested size: 844.15169pt x 597.22978pt.
File: figures-for-publication/line-500ms-delay/plot.pdf Graphic file (type pdf)
<use figures-for-publication/line-500ms-delay/plot.pdf, page 1>
Package pdftex.def Info: figures-for-publication/line-500ms-delay/plot.pdf , page1 used on input line 547.
(pdftex.def)             Requested size: 844.15169pt x 597.22978pt.
 [17 <./figures-for-publication/line-500ms-delay/plot.pdf>] (./template.bbl [18] [19]) [20] (./template.aux) ) 
Here is how much of TeX's memory you used:
 4446 strings out of 494091
 65718 string characters out of 6163524
 130351 words of memory out of 5000000
 7999 multiletter control sequences out of 15000+600000
 13429 words of font info for 52 fonts, out of 8000000 for 9000
 319 hyphenation exceptions out of 8191
 41i,20n,48p,275b,447s stack positions out of 5000i,500n,10000p,200000b,80000s
</usr/local/texlive/2018basic/texmf-dist/fonts/type1/public/amsfonts/cm/cmbx10.pfb></usr/local/texlive/2018basic/texmf-dist/fonts/type1/public/amsfonts/cm/cmbx12.pfb></usr/local/texlive/2018basic/texmf-dist/fonts/type1/public/amsfonts/cm/cmmi10.pfb></usr/local/texlive/2018basic/texmf-dist/fonts/type1/public/amsfonts/cm/cmmi8.pfb></usr/local/texlive/2018basic/texmf-dist/fonts/type1/public/amsfonts/cm/cmr10.pfb></usr/local/texlive/2018basic/texmf-dist/fonts/type1/public/amsfonts/cm/cmr12.pfb></usr/local/texlive/2018basic/texmf-dist/fonts/type1/public/amsfonts/cm/cmr9.pfb></usr/local/texlive/2018basic/texmf-dist/fonts/type1/public/amsfonts/cm/cmsy10.pfb></usr/local/texlive/2018basic/texmf-dist/fonts/type1/public/amsfonts/cm/cmti10.pfb>
Output written on template.pdf (24 pages, 645296 bytes).
PDF statistics:
 444 PDF objects out of 1000 (max. 8388607)
 279 compressed objects within 3 object streams
 0 named destinations out of 1000 (max. 500000)
 186 words of extra memory for PDF output out of 10000 (max. 10000000)

